{"/Users/chungchamchi/workspace/interview/code-challenge-99tech/src/problem2/swap-currency/src/constants/prices.ts": {"path":"/Users/chungchamchi/workspace/interview/code-challenge-99tech/src/problem2/swap-currency/src/constants/prices.ts","statementMap":{"0":{"start":{"line":1,"column":13},"end":{"line":182,"column":null}}},"fnMap":{},"branchMap":{},"s":{"0":1},"f":{},"b":{}}
,"/Users/chungchamchi/workspace/interview/code-challenge-99tech/src/problem2/swap-currency/src/hooks/useConverter.ts": {"path":"/Users/chungchamchi/workspace/interview/code-challenge-99tech/src/problem2/swap-currency/src/hooks/useConverter.ts","statementMap":{"0":{"start":{"line":1,"column":0},"end":{"line":1,"column":33}},"1":{"start":{"line":2,"column":0},"end":{"line":2,"column":40}},"2":{"start":{"line":4,"column":28},"end":{"line":43,"column":1}},"3":{"start":{"line":5,"column":38},"end":{"line":5,"column":57}},"4":{"start":{"line":6,"column":42},"end":{"line":6,"column":65}},"5":{"start":{"line":7,"column":44},"end":{"line":7,"column":63}},"6":{"start":{"line":8,"column":48},"end":{"line":8,"column":71}},"7":{"start":{"line":9,"column":24},"end":{"line":9,"column":35}},"8":{"start":{"line":11,"column":26},"end":{"line":16,"column":3}},"9":{"start":{"line":12,"column":33},"end":{"line":12,"column":37}},"10":{"start":{"line":13,"column":4},"end":{"line":13,"column":26}},"11":{"start":{"line":14,"column":4},"end":{"line":14,"column":30}},"12":{"start":{"line":15,"column":4},"end":{"line":15,"column":49}},"13":{"start":{"line":18,"column":29},"end":{"line":23,"column":3}},"14":{"start":{"line":19,"column":33},"end":{"line":19,"column":37}},"15":{"start":{"line":20,"column":4},"end":{"line":20,"column":29}},"16":{"start":{"line":21,"column":4},"end":{"line":21,"column":33}},"17":{"start":{"line":22,"column":4},"end":{"line":22,"column":46}},"18":{"start":{"line":25,"column":33},"end":{"line":28,"column":3}},"19":{"start":{"line":26,"column":18},"end":{"line":26,"column":75}},"20":{"start":{"line":27,"column":4},"end":{"line":27,"column":46}},"21":{"start":{"line":30,"column":30},"end":{"line":33,"column":3}},"22":{"start":{"line":31,"column":18},"end":{"line":31,"column":75}},"23":{"start":{"line":32,"column":4},"end":{"line":32,"column":46}},"24":{"start":{"line":35,"column":2},"end":{"line":42,"column":4}},"25":{"start":{"line":4,"column":13},"end":{"line":4,"column":28}}},"fnMap":{"0":{"name":"(anonymous_0)","decl":{"start":{"line":4,"column":28},"end":{"line":4,"column":31}},"loc":{"start":{"line":4,"column":33},"end":{"line":43,"column":1}}},"1":{"name":"(anonymous_1)","decl":{"start":{"line":11,"column":26},"end":{"line":11,"column":27}},"loc":{"start":{"line":11,"column":73},"end":{"line":16,"column":3}}},"2":{"name":"(anonymous_2)","decl":{"start":{"line":18,"column":29},"end":{"line":18,"column":30}},"loc":{"start":{"line":18,"column":76},"end":{"line":23,"column":3}}},"3":{"name":"(anonymous_3)","decl":{"start":{"line":25,"column":33},"end":{"line":25,"column":34}},"loc":{"start":{"line":25,"column":84},"end":{"line":28,"column":3}}},"4":{"name":"(anonymous_4)","decl":{"start":{"line":30,"column":30},"end":{"line":30,"column":31}},"loc":{"start":{"line":30,"column":84},"end":{"line":33,"column":3}}}},"branchMap":{},"s":{"0":1,"1":1,"2":1,"3":11,"4":11,"5":11,"6":11,"7":11,"8":11,"9":4,"10":4,"11":4,"12":4,"13":11,"14":4,"15":4,"16":4,"17":4,"18":11,"19":4,"20":4,"21":11,"22":4,"23":4,"24":11,"25":1},"f":{"0":11,"1":4,"2":4,"3":4,"4":4},"b":{}}
,"/Users/chungchamchi/workspace/interview/code-challenge-99tech/src/problem2/swap-currency/src/hooks/usePrices.ts": {"path":"/Users/chungchamchi/workspace/interview/code-challenge-99tech/src/problem2/swap-currency/src/hooks/usePrices.ts","statementMap":{"0":{"start":{"line":1,"column":0},"end":{"line":1,"column":44}},"1":{"start":{"line":2,"column":0},"end":{"line":2,"column":45}},"2":{"start":{"line":4,"column":25},"end":{"line":25,"column":1}},"3":{"start":{"line":5,"column":36},"end":{"line":5,"column":72}},"4":{"start":{"line":6,"column":38},"end":{"line":6,"column":60}},"5":{"start":{"line":8,"column":2},"end":{"line":19,"column":9}},"6":{"start":{"line":9,"column":33},"end":{"line":9,"column":35}},"7":{"start":{"line":10,"column":22},"end":{"line":16,"column":36}},"8":{"start":{"line":11,"column":6},"end":{"line":13,"column":7}},"9":{"start":{"line":12,"column":8},"end":{"line":12,"column":40}},"10":{"start":{"line":14,"column":6},"end":{"line":14,"column":40}},"11":{"start":{"line":15,"column":6},"end":{"line":15,"column":17}},"12":{"start":{"line":17,"column":4},"end":{"line":17,"column":30}},"13":{"start":{"line":18,"column":4},"end":{"line":18,"column":28}},"14":{"start":{"line":21,"column":2},"end":{"line":24,"column":4}},"15":{"start":{"line":4,"column":13},"end":{"line":4,"column":25}}},"fnMap":{"0":{"name":"(anonymous_0)","decl":{"start":{"line":4,"column":25},"end":{"line":4,"column":28}},"loc":{"start":{"line":4,"column":30},"end":{"line":25,"column":1}}},"1":{"name":"(anonymous_1)","decl":{"start":{"line":8,"column":12},"end":{"line":8,"column":15}},"loc":{"start":{"line":8,"column":17},"end":{"line":19,"column":3}}},"2":{"name":"(anonymous_2)","decl":{"start":{"line":10,"column":36},"end":{"line":10,"column":37}},"loc":{"start":{"line":10,"column":51},"end":{"line":16,"column":5}}}},"branchMap":{"0":{"loc":{"start":{"line":11,"column":6},"end":{"line":13,"column":7}},"type":"if","locations":[{"start":{"line":11,"column":6},"end":{"line":13,"column":7}}]}},"s":{"0":1,"1":1,"2":1,"3":4,"4":4,"5":4,"6":2,"7":2,"8":5,"9":4,"10":5,"11":5,"12":2,"13":2,"14":4,"15":1},"f":{"0":4,"1":2,"2":5},"b":{"0":[4]}}
,"/Users/chungchamchi/workspace/interview/code-challenge-99tech/src/problem2/swap-currency/src/hooks/useSubmit.ts": {"path":"/Users/chungchamchi/workspace/interview/code-challenge-99tech/src/problem2/swap-currency/src/hooks/useSubmit.ts","statementMap":{"0":{"start":{"line":1,"column":0},"end":{"line":1,"column":33}},"1":{"start":{"line":2,"column":0},"end":{"line":2,"column":58}},"2":{"start":{"line":4,"column":25},"end":{"line":15,"column":1}},"3":{"start":{"line":5,"column":32},"end":{"line":5,"column":47}},"4":{"start":{"line":7,"column":17},"end":{"line":12,"column":3}},"5":{"start":{"line":8,"column":4},"end":{"line":8,"column":21}},"6":{"start":{"line":9,"column":21},"end":{"line":9,"column":47}},"7":{"start":{"line":10,"column":4},"end":{"line":10,"column":22}},"8":{"start":{"line":11,"column":4},"end":{"line":11,"column":20}},"9":{"start":{"line":14,"column":2},"end":{"line":14,"column":29}},"10":{"start":{"line":4,"column":13},"end":{"line":4,"column":25}}},"fnMap":{"0":{"name":"(anonymous_0)","decl":{"start":{"line":4,"column":25},"end":{"line":4,"column":28}},"loc":{"start":{"line":4,"column":30},"end":{"line":15,"column":1}}},"1":{"name":"(anonymous_1)","decl":{"start":{"line":7,"column":17},"end":{"line":7,"column":22}},"loc":{"start":{"line":7,"column":45},"end":{"line":12,"column":3}}}},"branchMap":{},"s":{"0":1,"1":1,"2":1,"3":1,"4":1,"5":1,"6":1,"7":1,"8":1,"9":1,"10":1},"f":{"0":1,"1":1},"b":{}}
}
