TN:
SF:src/constants/prices.ts
FNF:0
FNH:0
DA:1,1
LF:1
LH:1
BRF:0
BRH:0
end_of_record
TN:
SF:src/hooks/useConverter.ts
FN:4,(anonymous_0)
FN:11,(anonymous_1)
FN:18,(anonymous_2)
FN:25,(anonymous_3)
FN:30,(anonymous_4)
FNF:5
FNH:5
FNDA:11,(anonymous_0)
FNDA:4,(anonymous_1)
FNDA:4,(anonymous_2)
FNDA:4,(anonymous_3)
FNDA:4,(anonymous_4)
DA:1,1
DA:2,1
DA:4,1
DA:5,11
DA:6,11
DA:7,11
DA:8,11
DA:9,11
DA:11,11
DA:12,4
DA:13,4
DA:14,4
DA:15,4
DA:18,11
DA:19,4
DA:20,4
DA:21,4
DA:22,4
DA:25,11
DA:26,4
DA:27,4
DA:30,11
DA:31,4
DA:32,4
DA:35,11
LF:25
LH:25
BRF:0
BRH:0
end_of_record
TN:
SF:src/hooks/usePrices.ts
FN:4,(anonymous_0)
FN:8,(anonymous_1)
FN:10,(anonymous_2)
FNF:3
FNH:3
FNDA:4,(anonymous_0)
FNDA:2,(anonymous_1)
FNDA:5,(anonymous_2)
DA:1,1
DA:2,1
DA:4,1
DA:5,4
DA:6,4
DA:8,4
DA:9,2
DA:10,2
DA:11,5
DA:12,4
DA:14,5
DA:15,5
DA:17,2
DA:18,2
DA:21,4
LF:15
LH:15
BRDA:11,0,0,4
BRF:1
BRH:1
end_of_record
TN:
SF:src/hooks/useSubmit.ts
FN:4,(anonymous_0)
FN:7,(anonymous_1)
FNF:2
FNH:2
FNDA:1,(anonymous_0)
FNDA:1,(anonymous_1)
DA:1,1
DA:2,1
DA:4,1
DA:5,1
DA:7,1
DA:8,1
DA:9,1
DA:10,1
DA:11,1
DA:14,1
LF:10
LH:10
BRF:0
BRH:0
end_of_record
